<?xml version="1.0" encoding="UTF-8"?>
<!-- Generated by org.testng.reporters.JUnitReportReporter -->
<testsuite hostname="ALIEN" failures="0" tests="1" name="testcases.EcommerceTest" time="28.682" errors="0" timestamp="2025-07-05T01:11:25 IST" skipped="0">
  <testcase classname="testcases.EcommerceTest" name="endToEndAmazonFlow_SingleProduct" time="28.682"/>
</testsuite> <!-- testcases.EcommerceTest -->
