<?xml version="1.0" encoding="UTF-8"?>
<!-- Generated by org.testng.reporters.JUnitReportReporter -->
<testsuite hostname="ALIEN" failures="0" tests="1" name="testcases.EcommerceTest" time="54.549" errors="0" timestamp="2025-07-05T18:30:44 IST" skipped="0">
  <testcase classname="testcases.EcommerceTest" name="endToEndAmazonFlow_SingleProduct" time="54.549"/>
</testsuite> <!-- testcases.EcommerceTest -->
