<?xml version="1.0" encoding="UTF-8"?>
<!-- Generated by org.testng.reporters.JUnitReportReporter -->
<testsuite hostname="ALIEN" failures="0" tests="1" name="testcases.EcommerceCrossBrowserTest" time="5.059" errors="0" timestamp="2025-07-05T01:21:57 IST" skipped="0">
  <testcase classname="testcases.EcommerceCrossBrowserTest" name="crossBrowserFlow" time="5.059"/>
</testsuite> <!-- testcases.EcommerceCrossBrowserTest -->
