<?xml version="1.0" encoding="UTF-8"?>
<!-- Generated by org.testng.reporters.JUnitReportReporter -->
<testsuite hostname="ALIEN" failures="0" tests="1" name="testcases.EcommerceTest" time="27.360" errors="0" timestamp="2025-07-05T01:21:57 IST" skipped="0">
  <testcase classname="testcases.EcommerceTest" name="endToEndAmazonFlow_SingleProduct" time="27.360"/>
</testsuite> <!-- testcases.EcommerceTest -->
